{"/home/ahmadzp/phase3/finalProject/ngelocker/server/app.js": {"path":"/home/ahmadzp/phase3/finalProject/ngelocker/server/app.js","statementMap":{"0":{"start":{"line":1,"column":16},"end":{"line":1,"column":34}},"1":{"start":{"line":2,"column":12},"end":{"line":2,"column":21}},"2":{"start":{"line":3,"column":13},"end":{"line":3,"column":37}},"3":{"start":{"line":4,"column":14},"end":{"line":4,"column":39}},"4":{"start":{"line":5,"column":13},"end":{"line":5,"column":28}},"5":{"start":{"line":6,"column":14},"end":{"line":6,"column":51}},"6":{"start":{"line":7,"column":0},"end":{"line":7,"column":16}},"7":{"start":{"line":8,"column":0},"end":{"line":8,"column":24}},"8":{"start":{"line":9,"column":0},"end":{"line":9,"column":48}},"9":{"start":{"line":11,"column":0},"end":{"line":11,"column":20}},"10":{"start":{"line":12,"column":0},"end":{"line":12,"column":15}},"11":{"start":{"line":19,"column":0},"end":{"line":19,"column":21}}},"fnMap":{},"branchMap":{"0":{"loc":{"start":{"line":3,"column":13},"end":{"line":3,"column":37}},"type":"binary-expr","locations":[{"start":{"line":3,"column":13},"end":{"line":3,"column":29}},{"start":{"line":3,"column":33},"end":{"line":3,"column":37}}],"line":3}},"s":{"0":3,"1":3,"2":3,"3":3,"4":3,"5":3,"6":3,"7":3,"8":3,"9":3,"10":3,"11":3},"f":{},"b":{"0":[3,3]},"_coverageSchema":"1a1c01bbd47fc00a2c39e90264f33305004495a9","hash":"83e2695b56a8d16c75c5636678a8ae3a35b7c485"}
,"/home/ahmadzp/phase3/finalProject/ngelocker/server/controller/adminController.js": {"path":"/home/ahmadzp/phase3/finalProject/ngelocker/server/controller/adminController.js","statementMap":{"0":{"start":{"line":1,"column":18},"end":{"line":1,"column":38}},"1":{"start":{"line":2,"column":10},"end":{"line":2,"column":35}},"2":{"start":{"line":3,"column":13},"end":{"line":3,"column":41}},"3":{"start":{"line":6,"column":19},"end":{"line":6,"column":36}},"4":{"start":{"line":7,"column":19},"end":{"line":7,"column":36}},"5":{"start":{"line":8,"column":4},"end":{"line":29,"column":9}},"6":{"start":{"line":15,"column":8},"end":{"line":25,"column":9}},"7":{"start":{"line":17,"column":22},"end":{"line":17,"column":73}},"8":{"start":{"line":18,"column":10},"end":{"line":18,"column":62}},"9":{"start":{"line":20,"column":24},"end":{"line":23,"column":11}},"10":{"start":{"line":24,"column":10},"end":{"line":24,"column":24}},"11":{"start":{"line":28,"column":8},"end":{"line":28,"column":18}},"12":{"start":{"line":33,"column":0},"end":{"line":33,"column":33}}},"fnMap":{"0":{"name":"(anonymous_0)","decl":{"start":{"line":5,"column":2},"end":{"line":5,"column":3}},"loc":{"start":{"line":5,"column":36},"end":{"line":30,"column":3}},"line":5},"1":{"name":"(anonymous_1)","decl":{"start":{"line":14,"column":12},"end":{"line":14,"column":13}},"loc":{"start":{"line":14,"column":20},"end":{"line":26,"column":7}},"line":14},"2":{"name":"(anonymous_2)","decl":{"start":{"line":27,"column":13},"end":{"line":27,"column":14}},"loc":{"start":{"line":27,"column":20},"end":{"line":29,"column":7}},"line":27}},"branchMap":{"0":{"loc":{"start":{"line":15,"column":8},"end":{"line":25,"column":9}},"type":"if","locations":[{"start":{"line":15,"column":8},"end":{"line":25,"column":9}},{"start":{"line":15,"column":8},"end":{"line":25,"column":9}}],"line":15}},"s":{"0":3,"1":3,"2":3,"3":5,"4":5,"5":5,"6":5,"7":3,"8":3,"9":2,"10":2,"11":2,"12":3},"f":{"0":5,"1":5,"2":2},"b":{"0":[3,2]},"_coverageSchema":"1a1c01bbd47fc00a2c39e90264f33305004495a9","hash":"3dc9ccc682b795017ef65c24458dfd8a08b38c78"}
,"/home/ahmadzp/phase3/finalProject/ngelocker/server/controller/guestController.js": {"path":"/home/ahmadzp/phase3/finalProject/ngelocker/server/controller/guestController.js","statementMap":{"0":{"start":{"line":1,"column":24},"end":{"line":1,"column":44}},"1":{"start":{"line":5,"column":4},"end":{"line":11,"column":9}},"2":{"start":{"line":7,"column":8},"end":{"line":7,"column":37}},"3":{"start":{"line":10,"column":8},"end":{"line":10,"column":18}},"4":{"start":{"line":15,"column":15},"end":{"line":20,"column":5}},"5":{"start":{"line":21,"column":4},"end":{"line":27,"column":9}},"6":{"start":{"line":23,"column":8},"end":{"line":23,"column":48}},"7":{"start":{"line":26,"column":8},"end":{"line":26,"column":18}},"8":{"start":{"line":31,"column":17},"end":{"line":31,"column":33}},"9":{"start":{"line":32,"column":4},"end":{"line":46,"column":9}},"10":{"start":{"line":34,"column":8},"end":{"line":42,"column":9}},"11":{"start":{"line":35,"column":10},"end":{"line":35,"column":56}},"12":{"start":{"line":37,"column":24},"end":{"line":40,"column":11}},"13":{"start":{"line":41,"column":10},"end":{"line":41,"column":24}},"14":{"start":{"line":45,"column":8},"end":{"line":45,"column":18}},"15":{"start":{"line":50,"column":4},"end":{"line":50,"column":38}},"16":{"start":{"line":51,"column":4},"end":{"line":67,"column":9}},"17":{"start":{"line":53,"column":8},"end":{"line":60,"column":9}},"18":{"start":{"line":54,"column":10},"end":{"line":56,"column":13}},"19":{"start":{"line":58,"column":24},"end":{"line":58,"column":67}},"20":{"start":{"line":59,"column":10},"end":{"line":59,"column":24}},"21":{"start":{"line":63,"column":8},"end":{"line":63,"column":68}},"22":{"start":{"line":66,"column":8},"end":{"line":66,"column":18}},"23":{"start":{"line":71,"column":0},"end":{"line":71,"column":33}}},"fnMap":{"0":{"name":"(anonymous_0)","decl":{"start":{"line":4,"column":2},"end":{"line":4,"column":3}},"loc":{"start":{"line":4,"column":34},"end":{"line":12,"column":3}},"line":4},"1":{"name":"(anonymous_1)","decl":{"start":{"line":6,"column":12},"end":{"line":6,"column":13}},"loc":{"start":{"line":6,"column":22},"end":{"line":8,"column":7}},"line":6},"2":{"name":"(anonymous_2)","decl":{"start":{"line":9,"column":13},"end":{"line":9,"column":14}},"loc":{"start":{"line":9,"column":20},"end":{"line":11,"column":7}},"line":9},"3":{"name":"(anonymous_3)","decl":{"start":{"line":14,"column":2},"end":{"line":14,"column":3}},"loc":{"start":{"line":14,"column":37},"end":{"line":28,"column":3}},"line":14},"4":{"name":"(anonymous_4)","decl":{"start":{"line":22,"column":12},"end":{"line":22,"column":13}},"loc":{"start":{"line":22,"column":22},"end":{"line":24,"column":7}},"line":22},"5":{"name":"(anonymous_5)","decl":{"start":{"line":25,"column":13},"end":{"line":25,"column":14}},"loc":{"start":{"line":25,"column":20},"end":{"line":27,"column":7}},"line":25},"6":{"name":"(anonymous_6)","decl":{"start":{"line":30,"column":2},"end":{"line":30,"column":3}},"loc":{"start":{"line":30,"column":37},"end":{"line":47,"column":3}},"line":30},"7":{"name":"(anonymous_7)","decl":{"start":{"line":33,"column":12},"end":{"line":33,"column":13}},"loc":{"start":{"line":33,"column":22},"end":{"line":43,"column":7}},"line":33},"8":{"name":"(anonymous_8)","decl":{"start":{"line":44,"column":13},"end":{"line":44,"column":14}},"loc":{"start":{"line":44,"column":20},"end":{"line":46,"column":7}},"line":44},"9":{"name":"(anonymous_9)","decl":{"start":{"line":49,"column":2},"end":{"line":49,"column":3}},"loc":{"start":{"line":49,"column":37},"end":{"line":68,"column":3}},"line":49},"10":{"name":"(anonymous_10)","decl":{"start":{"line":52,"column":12},"end":{"line":52,"column":13}},"loc":{"start":{"line":52,"column":22},"end":{"line":61,"column":7}},"line":52},"11":{"name":"(anonymous_11)","decl":{"start":{"line":62,"column":12},"end":{"line":62,"column":13}},"loc":{"start":{"line":62,"column":22},"end":{"line":64,"column":7}},"line":62},"12":{"name":"(anonymous_12)","decl":{"start":{"line":65,"column":13},"end":{"line":65,"column":14}},"loc":{"start":{"line":65,"column":20},"end":{"line":67,"column":7}},"line":65}},"branchMap":{"0":{"loc":{"start":{"line":34,"column":8},"end":{"line":42,"column":9}},"type":"if","locations":[{"start":{"line":34,"column":8},"end":{"line":42,"column":9}},{"start":{"line":34,"column":8},"end":{"line":42,"column":9}}],"line":34},"1":{"loc":{"start":{"line":53,"column":8},"end":{"line":60,"column":9}},"type":"if","locations":[{"start":{"line":53,"column":8},"end":{"line":60,"column":9}},{"start":{"line":53,"column":8},"end":{"line":60,"column":9}}],"line":53}},"s":{"0":3,"1":0,"2":0,"3":0,"4":2,"5":2,"6":2,"7":0,"8":0,"9":0,"10":0,"11":0,"12":0,"13":0,"14":0,"15":0,"16":0,"17":0,"18":0,"19":0,"20":0,"21":0,"22":0,"23":3},"f":{"0":0,"1":0,"2":0,"3":2,"4":2,"5":0,"6":0,"7":0,"8":0,"9":0,"10":0,"11":0,"12":0},"b":{"0":[0,0],"1":[0,0]},"_coverageSchema":"1a1c01bbd47fc00a2c39e90264f33305004495a9","hash":"31bdd19d985c51e35107a4132b4c0ac54222bec5"}
,"/home/ahmadzp/phase3/finalProject/ngelocker/server/controller/lockerController.js": {"path":"/home/ahmadzp/phase3/finalProject/ngelocker/server/controller/lockerController.js","statementMap":{"0":{"start":{"line":1,"column":19},"end":{"line":1,"column":39}},"1":{"start":{"line":5,"column":4},"end":{"line":11,"column":9}},"2":{"start":{"line":7,"column":8},"end":{"line":7,"column":37}},"3":{"start":{"line":10,"column":8},"end":{"line":10,"column":18}},"4":{"start":{"line":37,"column":0},"end":{"line":37,"column":34}}},"fnMap":{"0":{"name":"(anonymous_0)","decl":{"start":{"line":4,"column":2},"end":{"line":4,"column":3}},"loc":{"start":{"line":4,"column":35},"end":{"line":12,"column":3}},"line":4},"1":{"name":"(anonymous_1)","decl":{"start":{"line":6,"column":12},"end":{"line":6,"column":13}},"loc":{"start":{"line":6,"column":22},"end":{"line":8,"column":7}},"line":6},"2":{"name":"(anonymous_2)","decl":{"start":{"line":9,"column":13},"end":{"line":9,"column":14}},"loc":{"start":{"line":9,"column":20},"end":{"line":11,"column":7}},"line":9}},"branchMap":{},"s":{"0":3,"1":1,"2":1,"3":0,"4":3},"f":{"0":1,"1":1,"2":0},"b":{},"_coverageSchema":"1a1c01bbd47fc00a2c39e90264f33305004495a9","hash":"22e2f2d6ffc09933e024912eb20b98d48cdde6d6"}
,"/home/ahmadzp/phase3/finalProject/ngelocker/server/controller/userController.js": {"path":"/home/ahmadzp/phase3/finalProject/ngelocker/server/controller/userController.js","statementMap":{"0":{"start":{"line":1,"column":25},"end":{"line":1,"column":45}},"1":{"start":{"line":2,"column":12},"end":{"line":2,"column":37}},"2":{"start":{"line":3,"column":15},"end":{"line":3,"column":43}},"3":{"start":{"line":6,"column":4},"end":{"line":12,"column":9}},"4":{"start":{"line":8,"column":8},"end":{"line":8,"column":37}},"5":{"start":{"line":11,"column":8},"end":{"line":11,"column":18}},"6":{"start":{"line":16,"column":4},"end":{"line":32,"column":5}},"7":{"start":{"line":17,"column":21},"end":{"line":22,"column":7}},"8":{"start":{"line":23,"column":27},"end":{"line":23,"column":54}},"9":{"start":{"line":24,"column":27},"end":{"line":24,"column":75}},"10":{"start":{"line":25,"column":6},"end":{"line":28,"column":8}},"11":{"start":{"line":29,"column":6},"end":{"line":29,"column":65}},"12":{"start":{"line":31,"column":6},"end":{"line":31,"column":18}},"13":{"start":{"line":36,"column":15},"end":{"line":41,"column":5}},"14":{"start":{"line":42,"column":4},"end":{"line":56,"column":9}},"15":{"start":{"line":44,"column":8},"end":{"line":52,"column":9}},"16":{"start":{"line":45,"column":10},"end":{"line":45,"column":66}},"17":{"start":{"line":47,"column":24},"end":{"line":50,"column":11}},"18":{"start":{"line":51,"column":10},"end":{"line":51,"column":24}},"19":{"start":{"line":55,"column":8},"end":{"line":55,"column":18}},"20":{"start":{"line":60,"column":19},"end":{"line":60,"column":36}},"21":{"start":{"line":61,"column":19},"end":{"line":61,"column":36}},"22":{"start":{"line":62,"column":4},"end":{"line":62,"column":22}},"23":{"start":{"line":63,"column":4},"end":{"line":94,"column":9}},"24":{"start":{"line":69,"column":8},"end":{"line":90,"column":9}},"25":{"start":{"line":70,"column":10},"end":{"line":82,"column":11}},"26":{"start":{"line":71,"column":24},"end":{"line":71,"column":75}},"27":{"start":{"line":72,"column":12},"end":{"line":75,"column":15}},"28":{"start":{"line":77,"column":26},"end":{"line":80,"column":13}},"29":{"start":{"line":81,"column":12},"end":{"line":81,"column":26}},"30":{"start":{"line":84,"column":24},"end":{"line":87,"column":11}},"31":{"start":{"line":88,"column":10},"end":{"line":88,"column":24}},"32":{"start":{"line":93,"column":8},"end":{"line":93,"column":18}},"33":{"start":{"line":98,"column":0},"end":{"line":98,"column":32}}},"fnMap":{"0":{"name":"(anonymous_0)","decl":{"start":{"line":5,"column":2},"end":{"line":5,"column":3}},"loc":{"start":{"line":5,"column":33},"end":{"line":13,"column":3}},"line":5},"1":{"name":"(anonymous_1)","decl":{"start":{"line":7,"column":12},"end":{"line":7,"column":13}},"loc":{"start":{"line":7,"column":22},"end":{"line":9,"column":7}},"line":7},"2":{"name":"(anonymous_2)","decl":{"start":{"line":10,"column":13},"end":{"line":10,"column":14}},"loc":{"start":{"line":10,"column":20},"end":{"line":12,"column":7}},"line":10},"3":{"name":"(anonymous_3)","decl":{"start":{"line":15,"column":2},"end":{"line":15,"column":3}},"loc":{"start":{"line":15,"column":42},"end":{"line":33,"column":3}},"line":15},"4":{"name":"(anonymous_4)","decl":{"start":{"line":35,"column":2},"end":{"line":35,"column":3}},"loc":{"start":{"line":35,"column":36},"end":{"line":57,"column":3}},"line":35},"5":{"name":"(anonymous_5)","decl":{"start":{"line":43,"column":12},"end":{"line":43,"column":13}},"loc":{"start":{"line":43,"column":22},"end":{"line":53,"column":7}},"line":43},"6":{"name":"(anonymous_6)","decl":{"start":{"line":54,"column":13},"end":{"line":54,"column":14}},"loc":{"start":{"line":54,"column":20},"end":{"line":56,"column":7}},"line":54},"7":{"name":"(anonymous_7)","decl":{"start":{"line":59,"column":2},"end":{"line":59,"column":3}},"loc":{"start":{"line":59,"column":35},"end":{"line":95,"column":3}},"line":59},"8":{"name":"(anonymous_8)","decl":{"start":{"line":68,"column":12},"end":{"line":68,"column":13}},"loc":{"start":{"line":68,"column":20},"end":{"line":91,"column":7}},"line":68},"9":{"name":"(anonymous_9)","decl":{"start":{"line":92,"column":13},"end":{"line":92,"column":14}},"loc":{"start":{"line":92,"column":20},"end":{"line":94,"column":7}},"line":92}},"branchMap":{"0":{"loc":{"start":{"line":44,"column":8},"end":{"line":52,"column":9}},"type":"if","locations":[{"start":{"line":44,"column":8},"end":{"line":52,"column":9}},{"start":{"line":44,"column":8},"end":{"line":52,"column":9}}],"line":44},"1":{"loc":{"start":{"line":69,"column":8},"end":{"line":90,"column":9}},"type":"if","locations":[{"start":{"line":69,"column":8},"end":{"line":90,"column":9}},{"start":{"line":69,"column":8},"end":{"line":90,"column":9}}],"line":69},"2":{"loc":{"start":{"line":70,"column":10},"end":{"line":82,"column":11}},"type":"if","locations":[{"start":{"line":70,"column":10},"end":{"line":82,"column":11}},{"start":{"line":70,"column":10},"end":{"line":82,"column":11}}],"line":70}},"s":{"0":3,"1":3,"2":3,"3":1,"4":1,"5":0,"6":8,"7":8,"8":8,"9":2,"10":2,"11":2,"12":6,"13":1,"14":1,"15":1,"16":1,"17":0,"18":0,"19":0,"20":3,"21":3,"22":3,"23":3,"24":3,"25":2,"26":1,"27":1,"28":1,"29":1,"30":1,"31":1,"32":2,"33":3},"f":{"0":1,"1":1,"2":0,"3":8,"4":1,"5":1,"6":0,"7":3,"8":3,"9":2},"b":{"0":[1,0],"1":[2,1],"2":[1,1]},"_coverageSchema":"1a1c01bbd47fc00a2c39e90264f33305004495a9","hash":"3b7e99c7d4cf9a93e0bf7892a27b58a1c28c2356"}
,"/home/ahmadzp/phase3/finalProject/ngelocker/server/helpers/bcrypt.js": {"path":"/home/ahmadzp/phase3/finalProject/ngelocker/server/helpers/bcrypt.js","statementMap":{"0":{"start":{"line":1,"column":15},"end":{"line":1,"column":32}},"1":{"start":{"line":5,"column":15},"end":{"line":5,"column":17}},"2":{"start":{"line":6,"column":4},"end":{"line":6,"column":43}},"3":{"start":{"line":10,"column":4},"end":{"line":10,"column":50}},"4":{"start":{"line":14,"column":0},"end":{"line":14,"column":24}}},"fnMap":{"0":{"name":"(anonymous_0)","decl":{"start":{"line":4,"column":2},"end":{"line":4,"column":3}},"loc":{"start":{"line":4,"column":32},"end":{"line":7,"column":3}},"line":4},"1":{"name":"(anonymous_1)","decl":{"start":{"line":9,"column":2},"end":{"line":9,"column":3}},"loc":{"start":{"line":9,"column":43},"end":{"line":11,"column":3}},"line":9}},"branchMap":{},"s":{"0":3,"1":0,"2":0,"3":2,"4":3},"f":{"0":0,"1":2},"b":{},"_coverageSchema":"1a1c01bbd47fc00a2c39e90264f33305004495a9","hash":"4916bcc03d8dcb77e1d9e0c91caa4a5d19a177fe"}
,"/home/ahmadzp/phase3/finalProject/ngelocker/server/helpers/jwt.js": {"path":"/home/ahmadzp/phase3/finalProject/ngelocker/server/helpers/jwt.js","statementMap":{"0":{"start":{"line":1,"column":12},"end":{"line":1,"column":35}},"1":{"start":{"line":5,"column":4},"end":{"line":5,"column":40}},"2":{"start":{"line":9,"column":4},"end":{"line":9,"column":42}},"3":{"start":{"line":13,"column":0},"end":{"line":13,"column":20}}},"fnMap":{"0":{"name":"(anonymous_0)","decl":{"start":{"line":4,"column":2},"end":{"line":4,"column":3}},"loc":{"start":{"line":4,"column":27},"end":{"line":6,"column":3}},"line":4},"1":{"name":"(anonymous_1)","decl":{"start":{"line":8,"column":2},"end":{"line":8,"column":3}},"loc":{"start":{"line":8,"column":22},"end":{"line":10,"column":3}},"line":8}},"branchMap":{},"s":{"0":3,"1":4,"2":13,"3":3},"f":{"0":4,"1":13},"b":{},"_coverageSchema":"1a1c01bbd47fc00a2c39e90264f33305004495a9","hash":"8de8a1cd5ad68dbe20857321c710a33f3f0da4c7"}
,"/home/ahmadzp/phase3/finalProject/ngelocker/server/middleware/Authentication.js": {"path":"/home/ahmadzp/phase3/finalProject/ngelocker/server/middleware/Authentication.js","statementMap":{"0":{"start":{"line":1,"column":12},"end":{"line":1,"column":37}},"1":{"start":{"line":3,"column":0},"end":{"line":13,"column":2}},"2":{"start":{"line":4,"column":2},"end":{"line":12,"column":3}},"3":{"start":{"line":5,"column":18},"end":{"line":5,"column":35}},"4":{"start":{"line":6,"column":17},"end":{"line":6,"column":34}},"5":{"start":{"line":7,"column":4},"end":{"line":7,"column":22}},"6":{"start":{"line":8,"column":4},"end":{"line":8,"column":20}},"7":{"start":{"line":9,"column":4},"end":{"line":9,"column":11}},"8":{"start":{"line":11,"column":4},"end":{"line":11,"column":68}}},"fnMap":{"0":{"name":"(anonymous_0)","decl":{"start":{"line":3,"column":17},"end":{"line":3,"column":18}},"loc":{"start":{"line":3,"column":42},"end":{"line":13,"column":1}},"line":3}},"branchMap":{},"s":{"0":3,"1":3,"2":13,"3":13,"4":13,"5":11,"6":11,"7":11,"8":2},"f":{"0":13},"b":{},"_coverageSchema":"1a1c01bbd47fc00a2c39e90264f33305004495a9","hash":"76e8cf03191ce5a4420656a3fe742988ce4b12c5"}
,"/home/ahmadzp/phase3/finalProject/ngelocker/server/middleware/errorHandling.js": {"path":"/home/ahmadzp/phase3/finalProject/ngelocker/server/middleware/errorHandling.js","statementMap":{"0":{"start":{"line":2,"column":0},"end":{"line":35,"column":1}},"1":{"start":{"line":3,"column":4},"end":{"line":3,"column":64}},"2":{"start":{"line":4,"column":4},"end":{"line":6,"column":5}},"3":{"start":{"line":5,"column":8},"end":{"line":5,"column":61}}},"fnMap":{"0":{"name":"(anonymous_0)","decl":{"start":{"line":2,"column":17},"end":{"line":2,"column":18}},"loc":{"start":{"line":2,"column":42},"end":{"line":35,"column":1}},"line":2}},"branchMap":{"0":{"loc":{"start":{"line":4,"column":4},"end":{"line":6,"column":5}},"type":"if","locations":[{"start":{"line":4,"column":4},"end":{"line":6,"column":5}},{"start":{"line":4,"column":4},"end":{"line":6,"column":5}}],"line":4},"1":{"loc":{"start":{"line":4,"column":8},"end":{"line":4,"column":33}},"type":"binary-expr","locations":[{"start":{"line":4,"column":8},"end":{"line":4,"column":18}},{"start":{"line":4,"column":22},"end":{"line":4,"column":33}}],"line":4}},"s":{"0":3,"1":10,"2":10,"3":4},"f":{"0":10},"b":{"0":[4,6],"1":[10,4]},"_coverageSchema":"1a1c01bbd47fc00a2c39e90264f33305004495a9","hash":"5c60438730b916ab9ec36f2d0bfd5d6b79e218fd"}
,"/home/ahmadzp/phase3/finalProject/ngelocker/server/models/admin.js": {"path":"/home/ahmadzp/phase3/finalProject/ngelocker/server/models/admin.js","statementMap":{"0":{"start":{"line":2,"column":0},"end":{"line":19,"column":2}},"1":{"start":{"line":3,"column":20},"end":{"line":3,"column":39}},"2":{"start":{"line":6,"column":2},"end":{"line":13,"column":4}},"3":{"start":{"line":15,"column":2},"end":{"line":17,"column":4}},"4":{"start":{"line":18,"column":2},"end":{"line":18,"column":15}}},"fnMap":{"0":{"name":"(anonymous_0)","decl":{"start":{"line":2,"column":17},"end":{"line":2,"column":18}},"loc":{"start":{"line":2,"column":43},"end":{"line":19,"column":1}},"line":2},"1":{"name":"(anonymous_1)","decl":{"start":{"line":15,"column":20},"end":{"line":15,"column":21}},"loc":{"start":{"line":15,"column":37},"end":{"line":17,"column":3}},"line":15}},"branchMap":{},"s":{"0":3,"1":3,"2":3,"3":3,"4":3},"f":{"0":3,"1":3},"b":{},"_coverageSchema":"1a1c01bbd47fc00a2c39e90264f33305004495a9","hash":"aa2bd3aa5b18a28ff86645d76845cac262247192"}
,"/home/ahmadzp/phase3/finalProject/ngelocker/server/models/guest.js": {"path":"/home/ahmadzp/phase3/finalProject/ngelocker/server/models/guest.js","statementMap":{"0":{"start":{"line":2,"column":0},"end":{"line":61,"column":2}},"1":{"start":{"line":3,"column":20},"end":{"line":3,"column":39}},"2":{"start":{"line":7,"column":2},"end":{"line":54,"column":4}},"3":{"start":{"line":56,"column":2},"end":{"line":59,"column":4}},"4":{"start":{"line":58,"column":4},"end":{"line":58,"column":33}},"5":{"start":{"line":60,"column":2},"end":{"line":60,"column":15}}},"fnMap":{"0":{"name":"(anonymous_0)","decl":{"start":{"line":2,"column":17},"end":{"line":2,"column":18}},"loc":{"start":{"line":2,"column":43},"end":{"line":61,"column":1}},"line":2},"1":{"name":"(anonymous_1)","decl":{"start":{"line":56,"column":20},"end":{"line":56,"column":21}},"loc":{"start":{"line":56,"column":37},"end":{"line":59,"column":3}},"line":56}},"branchMap":{},"s":{"0":3,"1":3,"2":3,"3":3,"4":3,"5":3},"f":{"0":3,"1":3},"b":{},"_coverageSchema":"1a1c01bbd47fc00a2c39e90264f33305004495a9","hash":"5ba75936953642f245d701bc8a8077f6b993ac8d"}
,"/home/ahmadzp/phase3/finalProject/ngelocker/server/models/index.js": {"path":"/home/ahmadzp/phase3/finalProject/ngelocker/server/models/index.js","statementMap":{"0":{"start":{"line":3,"column":11},"end":{"line":3,"column":24}},"1":{"start":{"line":4,"column":13},"end":{"line":4,"column":28}},"2":{"start":{"line":5,"column":18},"end":{"line":5,"column":38}},"3":{"start":{"line":6,"column":17},"end":{"line":6,"column":42}},"4":{"start":{"line":7,"column":12},"end":{"line":7,"column":49}},"5":{"start":{"line":8,"column":15},"end":{"line":8,"column":65}},"6":{"start":{"line":9,"column":11},"end":{"line":9,"column":13}},"7":{"start":{"line":12,"column":0},"end":{"line":16,"column":1}},"8":{"start":{"line":13,"column":2},"end":{"line":13,"column":74}},"9":{"start":{"line":15,"column":2},"end":{"line":15,"column":87}},"10":{"start":{"line":18,"column":0},"end":{"line":26,"column":5}},"11":{"start":{"line":21,"column":4},"end":{"line":21,"column":90}},"12":{"start":{"line":24,"column":18},"end":{"line":24,"column":65}},"13":{"start":{"line":25,"column":4},"end":{"line":25,"column":27}},"14":{"start":{"line":28,"column":0},"end":{"line":32,"column":3}},"15":{"start":{"line":29,"column":2},"end":{"line":31,"column":3}},"16":{"start":{"line":30,"column":4},"end":{"line":30,"column":32}},"17":{"start":{"line":34,"column":0},"end":{"line":34,"column":25}},"18":{"start":{"line":35,"column":0},"end":{"line":35,"column":25}},"19":{"start":{"line":37,"column":0},"end":{"line":37,"column":20}}},"fnMap":{"0":{"name":"(anonymous_0)","decl":{"start":{"line":20,"column":10},"end":{"line":20,"column":11}},"loc":{"start":{"line":20,"column":18},"end":{"line":22,"column":3}},"line":20},"1":{"name":"(anonymous_1)","decl":{"start":{"line":23,"column":11},"end":{"line":23,"column":12}},"loc":{"start":{"line":23,"column":19},"end":{"line":26,"column":3}},"line":23},"2":{"name":"(anonymous_2)","decl":{"start":{"line":28,"column":24},"end":{"line":28,"column":25}},"loc":{"start":{"line":28,"column":37},"end":{"line":32,"column":1}},"line":28}},"branchMap":{"0":{"loc":{"start":{"line":7,"column":12},"end":{"line":7,"column":49}},"type":"binary-expr","locations":[{"start":{"line":7,"column":12},"end":{"line":7,"column":32}},{"start":{"line":7,"column":36},"end":{"line":7,"column":49}}],"line":7},"1":{"loc":{"start":{"line":12,"column":0},"end":{"line":16,"column":1}},"type":"if","locations":[{"start":{"line":12,"column":0},"end":{"line":16,"column":1}},{"start":{"line":12,"column":0},"end":{"line":16,"column":1}}],"line":12},"2":{"loc":{"start":{"line":21,"column":11},"end":{"line":21,"column":89}},"type":"binary-expr","locations":[{"start":{"line":21,"column":12},"end":{"line":21,"column":35}},{"start":{"line":21,"column":41},"end":{"line":21,"column":58}},{"start":{"line":21,"column":64},"end":{"line":21,"column":88}}],"line":21},"3":{"loc":{"start":{"line":29,"column":2},"end":{"line":31,"column":3}},"type":"if","locations":[{"start":{"line":29,"column":2},"end":{"line":31,"column":3}},{"start":{"line":29,"column":2},"end":{"line":31,"column":3}}],"line":29}},"s":{"0":3,"1":3,"2":3,"3":3,"4":3,"5":3,"6":3,"7":3,"8":0,"9":3,"10":3,"11":15,"12":12,"13":12,"14":3,"15":12,"16":12,"17":3,"18":3,"19":3},"f":{"0":15,"1":12,"2":12},"b":{"0":[3,0],"1":[0,3],"2":[15,15,12],"3":[12,0]},"_coverageSchema":"1a1c01bbd47fc00a2c39e90264f33305004495a9","hash":"91e3efb91dfb46275e5309e428bcc4923cb69581"}
,"/home/ahmadzp/phase3/finalProject/ngelocker/server/models/locker.js": {"path":"/home/ahmadzp/phase3/finalProject/ngelocker/server/models/locker.js","statementMap":{"0":{"start":{"line":2,"column":0},"end":{"line":18,"column":2}},"1":{"start":{"line":3,"column":20},"end":{"line":3,"column":39}},"2":{"start":{"line":6,"column":2},"end":{"line":11,"column":4}},"3":{"start":{"line":13,"column":2},"end":{"line":16,"column":4}},"4":{"start":{"line":15,"column":4},"end":{"line":15,"column":34}},"5":{"start":{"line":17,"column":2},"end":{"line":17,"column":16}}},"fnMap":{"0":{"name":"(anonymous_0)","decl":{"start":{"line":2,"column":17},"end":{"line":2,"column":18}},"loc":{"start":{"line":2,"column":43},"end":{"line":18,"column":1}},"line":2},"1":{"name":"(anonymous_1)","decl":{"start":{"line":13,"column":21},"end":{"line":13,"column":22}},"loc":{"start":{"line":13,"column":38},"end":{"line":16,"column":3}},"line":13}},"branchMap":{},"s":{"0":3,"1":3,"2":3,"3":3,"4":3,"5":3},"f":{"0":3,"1":3},"b":{},"_coverageSchema":"1a1c01bbd47fc00a2c39e90264f33305004495a9","hash":"f50a330ebfadcc59c5d1f3c7f59e519bb79dcb6e"}
,"/home/ahmadzp/phase3/finalProject/ngelocker/server/models/user.js": {"path":"/home/ahmadzp/phase3/finalProject/ngelocker/server/models/user.js","statementMap":{"0":{"start":{"line":2,"column":13},"end":{"line":2,"column":30}},"1":{"start":{"line":3,"column":0},"end":{"line":82,"column":2}},"2":{"start":{"line":4,"column":20},"end":{"line":4,"column":39}},"3":{"start":{"line":7,"column":2},"end":{"line":75,"column":4}},"4":{"start":{"line":23,"column":12},"end":{"line":27,"column":15}},"5":{"start":{"line":24,"column":14},"end":{"line":26,"column":15}},"6":{"start":{"line":25,"column":16},"end":{"line":25,"column":55}},"7":{"start":{"line":70,"column":21},"end":{"line":70,"column":55}},"8":{"start":{"line":71,"column":10},"end":{"line":71,"column":31}},"9":{"start":{"line":76,"column":2},"end":{"line":80,"column":4}},"10":{"start":{"line":78,"column":4},"end":{"line":78,"column":34}},"11":{"start":{"line":79,"column":4},"end":{"line":79,"column":31}},"12":{"start":{"line":81,"column":2},"end":{"line":81,"column":14}}},"fnMap":{"0":{"name":"(anonymous_0)","decl":{"start":{"line":3,"column":17},"end":{"line":3,"column":18}},"loc":{"start":{"line":3,"column":43},"end":{"line":82,"column":1}},"line":3},"1":{"name":"(anonymous_1)","decl":{"start":{"line":22,"column":19},"end":{"line":22,"column":20}},"loc":{"start":{"line":22,"column":28},"end":{"line":28,"column":11}},"line":22},"2":{"name":"(anonymous_2)","decl":{"start":{"line":23,"column":64},"end":{"line":23,"column":65}},"loc":{"start":{"line":23,"column":73},"end":{"line":27,"column":13}},"line":23},"3":{"name":"(anonymous_3)","decl":{"start":{"line":69,"column":22},"end":{"line":69,"column":23}},"loc":{"start":{"line":69,"column":46},"end":{"line":72,"column":9}},"line":69},"4":{"name":"(anonymous_4)","decl":{"start":{"line":76,"column":19},"end":{"line":76,"column":20}},"loc":{"start":{"line":76,"column":36},"end":{"line":80,"column":3}},"line":76}},"branchMap":{"0":{"loc":{"start":{"line":24,"column":14},"end":{"line":26,"column":15}},"type":"if","locations":[{"start":{"line":24,"column":14},"end":{"line":26,"column":15}},{"start":{"line":24,"column":14},"end":{"line":26,"column":15}}],"line":24}},"s":{"0":3,"1":3,"2":3,"3":3,"4":8,"5":8,"6":1,"7":2,"8":2,"9":3,"10":3,"11":3,"12":3},"f":{"0":3,"1":8,"2":8,"3":2,"4":3},"b":{"0":[1,7]},"_coverageSchema":"1a1c01bbd47fc00a2c39e90264f33305004495a9","hash":"171b44ae37a249980e4b01cf5d9c2af7ed6d7b87"}
,"/home/ahmadzp/phase3/finalProject/ngelocker/server/routes/adminRoute.js": {"path":"/home/ahmadzp/phase3/finalProject/ngelocker/server/routes/adminRoute.js","statementMap":{"0":{"start":{"line":1,"column":16},"end":{"line":1,"column":34}},"1":{"start":{"line":2,"column":15},"end":{"line":2,"column":31}},"2":{"start":{"line":3,"column":24},"end":{"line":3,"column":64}},"3":{"start":{"line":5,"column":0},"end":{"line":5,"column":50}},"4":{"start":{"line":7,"column":0},"end":{"line":7,"column":24}}},"fnMap":{},"branchMap":{},"s":{"0":3,"1":3,"2":3,"3":3,"4":3},"f":{},"b":{},"_coverageSchema":"1a1c01bbd47fc00a2c39e90264f33305004495a9","hash":"d4b05b771ac354b7a3174d9208d72182360d1da4"}
,"/home/ahmadzp/phase3/finalProject/ngelocker/server/routes/guestRoute.js": {"path":"/home/ahmadzp/phase3/finalProject/ngelocker/server/routes/guestRoute.js","statementMap":{"0":{"start":{"line":1,"column":16},"end":{"line":1,"column":34}},"1":{"start":{"line":2,"column":15},"end":{"line":2,"column":31}},"2":{"start":{"line":3,"column":24},"end":{"line":3,"column":64}},"3":{"start":{"line":4,"column":23},"end":{"line":4,"column":62}},"4":{"start":{"line":6,"column":0},"end":{"line":6,"column":46}},"5":{"start":{"line":7,"column":0},"end":{"line":7,"column":27}},"6":{"start":{"line":8,"column":0},"end":{"line":8,"column":42}},"7":{"start":{"line":9,"column":0},"end":{"line":9,"column":48}},"8":{"start":{"line":10,"column":0},"end":{"line":10,"column":51}},"9":{"start":{"line":12,"column":0},"end":{"line":12,"column":24}}},"fnMap":{},"branchMap":{},"s":{"0":3,"1":3,"2":3,"3":3,"4":3,"5":3,"6":3,"7":3,"8":3,"9":3},"f":{},"b":{},"_coverageSchema":"1a1c01bbd47fc00a2c39e90264f33305004495a9","hash":"61b96ff1644843a3f12f65622a3011f7fb25650b"}
,"/home/ahmadzp/phase3/finalProject/ngelocker/server/routes/index.js": {"path":"/home/ahmadzp/phase3/finalProject/ngelocker/server/routes/index.js","statementMap":{"0":{"start":{"line":1,"column":16},"end":{"line":1,"column":34}},"1":{"start":{"line":2,"column":15},"end":{"line":2,"column":31}},"2":{"start":{"line":3,"column":19},"end":{"line":3,"column":42}},"3":{"start":{"line":4,"column":19},"end":{"line":4,"column":42}},"4":{"start":{"line":5,"column":20},"end":{"line":5,"column":44}},"5":{"start":{"line":6,"column":18},"end":{"line":6,"column":40}},"6":{"start":{"line":8,"column":0},"end":{"line":8,"column":33}},"7":{"start":{"line":9,"column":0},"end":{"line":9,"column":32}},"8":{"start":{"line":10,"column":0},"end":{"line":10,"column":36}},"9":{"start":{"line":11,"column":0},"end":{"line":11,"column":34}},"10":{"start":{"line":13,"column":0},"end":{"line":13,"column":24}}},"fnMap":{},"branchMap":{},"s":{"0":3,"1":3,"2":3,"3":3,"4":3,"5":3,"6":3,"7":3,"8":3,"9":3,"10":3},"f":{},"b":{},"_coverageSchema":"1a1c01bbd47fc00a2c39e90264f33305004495a9","hash":"52f85464e5dbd1e63a923d16c29939895574fea6"}
,"/home/ahmadzp/phase3/finalProject/ngelocker/server/routes/lockerRoute.js": {"path":"/home/ahmadzp/phase3/finalProject/ngelocker/server/routes/lockerRoute.js","statementMap":{"0":{"start":{"line":1,"column":16},"end":{"line":1,"column":34}},"1":{"start":{"line":2,"column":15},"end":{"line":2,"column":31}},"2":{"start":{"line":3,"column":25},"end":{"line":3,"column":66}},"3":{"start":{"line":4,"column":23},"end":{"line":4,"column":62}},"4":{"start":{"line":6,"column":0},"end":{"line":6,"column":27}},"5":{"start":{"line":7,"column":0},"end":{"line":7,"column":44}},"6":{"start":{"line":10,"column":0},"end":{"line":10,"column":24}}},"fnMap":{},"branchMap":{},"s":{"0":3,"1":3,"2":3,"3":3,"4":3,"5":3,"6":3},"f":{},"b":{},"_coverageSchema":"1a1c01bbd47fc00a2c39e90264f33305004495a9","hash":"aa83fe853d5459d163e88acb1e4fc1fb56adacc4"}
,"/home/ahmadzp/phase3/finalProject/ngelocker/server/routes/userRoute.js": {"path":"/home/ahmadzp/phase3/finalProject/ngelocker/server/routes/userRoute.js","statementMap":{"0":{"start":{"line":1,"column":16},"end":{"line":1,"column":34}},"1":{"start":{"line":2,"column":15},"end":{"line":2,"column":31}},"2":{"start":{"line":3,"column":23},"end":{"line":3,"column":62}},"3":{"start":{"line":4,"column":23},"end":{"line":4,"column":62}},"4":{"start":{"line":6,"column":0},"end":{"line":6,"column":48}},"5":{"start":{"line":7,"column":0},"end":{"line":7,"column":27}},"6":{"start":{"line":8,"column":0},"end":{"line":8,"column":44}},"7":{"start":{"line":9,"column":0},"end":{"line":9,"column":40}},"8":{"start":{"line":10,"column":0},"end":{"line":10,"column":46}},"9":{"start":{"line":13,"column":0},"end":{"line":13,"column":24}}},"fnMap":{},"branchMap":{},"s":{"0":3,"1":3,"2":3,"3":3,"4":3,"5":3,"6":3,"7":3,"8":3,"9":3},"f":{},"b":{},"_coverageSchema":"1a1c01bbd47fc00a2c39e90264f33305004495a9","hash":"40f9690521e705e4d55259d63c47e7d16ec40eb5"}
}
